Populatia initiala
1 : 1011110000100110001100 x= 1.204874 f= 1.753152644124
2 : 0000111110111000000011 x= -0.815794 f= 0.518686149564
3 : 0111110110110111011010 x= 0.47324 f= 2.2492839024
4 : 1100011101100011010100 x= 1.336578 f= 1.550137249916
5 : 1101100100111000101010 x= 1.545563 f= 1.156798013031
6 : 0000101101011011101001 x= -0.866899 f= 0.38158712379900006
7 : 1101111010100011110000 x= 1.609059 f= 1.0199881345189998
8 : 1000110110010011000000 x= 0.659073 f= 2.224695780671
9 : 1010010101111001101010 x= 0.939163 f= 2.057135859431
10 : 0100100101111001010111 x= -0.138976 f= 1.841709671424
11 : 1110001110000101001001 x= 1.666252 f= 0.889856272496
12 : 0011000010001001000000 x= -0.431229 f= 1.382812549559
13 : 1101101001111100101001 x= 1.560394 f= 1.1255645647639998
14 : 0101000110001011110111 x= -0.044379 f= 1.953651504359
15 : 0001001010010110011110 x= -0.782175 f= 0.6060272693750002
16 : 0001000111101011011101 x= -0.790003 f= 0.5858922599909999
17 : 1101111011001001011011 x= 1.610783 f= 1.0161611269109998
18 : 1111100000010010110010 x= 1.90711 f= 0.27004144789999995
19 : 0001000001100100111001 x= -0.807882 f= 0.5394446740759999
20 : 1010100001001101000100 x= 0.972278 f= 2.026953490716
------------------------------------------------------------------------
Probabilitati selectie
cromozom   1 probabilitate 0.06970902360205196
cromozom   2 probabilitate 0.020624048432520258
cromozom   3 probabilitate 0.08943624228366223
cromozom   4 probabilitate 0.06163670602385459
cromozom   5 probabilitate 0.04599671355683801
cromozom   6 probabilitate 0.01517270381920161
cromozom   7 probabilitate 0.040556866044328795
cromozom   8 probabilitate 0.0884585670289251
cromozom   9 probabilitate 0.08179603336785105
cromozom   10 probabilitate 0.07323023661614625
cromozom   11 probabilitate 0.03538255046402577
cromozom   12 probabilitate 0.05498352523809331
cromozom   13 probabilitate 0.04475480619086207
cromozom   14 probabilitate 0.07768127851502322
cromozom   15 probabilitate 0.024096914416404328
cromozom   16 probabilitate 0.023296304241881765
cromozom   17 probabilitate 0.04040469620072422
cromozom   18 probabilitate 0.010737413954390351
cromozom   19 probabilitate 0.021449450875371336
cromozom   20 probabilitate 0.0805959191278437
------------------------------------------------------------------------
Intervale probabilitati selectie
0 0.06970902360205196 0.0903330720345722 0.17976931431823442 0.24140602034208902 0.28740273389892707 0.30257543771812867 0.34313230376245746 0.43159087079138253 0.5133869041592336 0.5866171407753799 0.6219996912394057 0.6769832164774989 0.7217380226683611 0.7994193011833843 0.8235162155997887 0.8468125198416705 0.8872172160423948 0.897954629996785 0.9194040808721563 1.0 
------------------------------------------------------------------------
Procesul de selectie 
Element etilitist 3 : 0111110110110111011010 x= 0.47324  f= 2.2492839024 -> trece in urmatoarea generatie
u= 0.03937510139730371 selectam cromozomul 1
u= 0.44321030132678807 selectam cromozomul 9
u= 0.5782796504402866 selectam cromozomul 10
u= 0.15721763691815493 selectam cromozomul 3
u= 0.6471690702411703 selectam cromozomul 12
u= 0.8737164267765685 selectam cromozomul 17
u= 0.4471409505168552 selectam cromozomul 9
u= 0.15809501252132407 selectam cromozomul 3
u= 0.597793921592961 selectam cromozomul 11
u= 0.15633200975388284 selectam cromozomul 3
u= 0.40076618532017894 selectam cromozomul 8
u= 0.7296030879392655 selectam cromozomul 14
u= 0.01724088168877358 selectam cromozomul 1
u= 0.4679545786952084 selectam cromozomul 9
u= 0.5274957299155129 selectam cromozomul 10
u= 0.9794862622958861 selectam cromozomul 20
u= 0.9477506218667756 selectam cromozomul 20
u= 0.12286042249005136 selectam cromozomul 3
u= 0.18048191157070193 selectam cromozomul 4
u= 0.7043852339447206 selectam cromozomul 13
------------------------------------------------------------------------
 Dupa selectie 
1 : 1011110000100110001100 x= 1.204874 f= 1.753152644124
2 : 1010010101111001101010 x= 0.939163 f= 2.057135859431
3 : 0100100101111001010111 x= -0.138976 f= 1.841709671424
4 : 0111110110110111011010 x= 0.47324 f= 2.2492839024
5 : 0011000010001001000000 x= -0.431229 f= 1.382812549559
6 : 1101111011001001011011 x= 1.610783 f= 1.0161611269109998
7 : 1010010101111001101010 x= 0.939163 f= 2.057135859431
8 : 0111110110110111011010 x= 0.47324 f= 2.2492839024
9 : 1110001110000101001001 x= 1.666252 f= 0.889856272496
10 : 0111110110110111011010 x= 0.47324 f= 2.2492839024
11 : 1000110110010011000000 x= 0.659073 f= 2.224695780671
12 : 0101000110001011110111 x= -0.044379 f= 1.953651504359
13 : 1011110000100110001100 x= 1.204874 f= 1.753152644124
14 : 1010010101111001101010 x= 0.939163 f= 2.057135859431
15 : 0100100101111001010111 x= -0.138976 f= 1.841709671424
16 : 1010100001001101000100 x= 0.972278 f= 2.026953490716
17 : 1010100001001101000100 x= 0.972278 f= 2.026953490716
18 : 0111110110110111011010 x= 0.47324 f= 2.2492839024
19 : 1100011101100011010100 x= 1.336578 f= 1.550137249916
20 : 1101101001111100101001 x= 1.560394 f= 1.1255645647639998

------------------------------------------------------------------------
Probabilitatea de recombinare/incrucisare
1 1011110000100110001100 u= 0.03051997224295311 < 0.25 participa 
2 1010010101111001101010 u= 0.5642260485458724
3 0100100101111001010111 u= 0.6058664101485431
4 0111110110110111011010 u= 0.5162352949717207
5 0011000010001001000000 u= 0.21793289830691742 < 0.25 participa 
6 1101111011001001011011 u= 0.3500092781653533
7 1010010101111001101010 u= 0.38231235061448354
8 0111110110110111011010 u= 0.5265057141327875
9 1110001110000101001001 u= 0.6401681545542053
10 0111110110110111011010 u= 0.28399028169400176
11 1000110110010011000000 u= 0.953074380827224
12 0101000110001011110111 u= 0.2898684950563921
13 1011110000100110001100 u= 0.19096052746946657 < 0.25 participa 
14 1010010101111001101010 u= 0.24821384867508545 < 0.25 participa 
15 0100100101111001010111 u= 0.7893611774513554
16 1010100001001101000100 u= 0.9093251992153564
17 1010100001001101000100 u= 0.37784003938191
18 0111110110110111011010 u= 0.3355645871905677
19 1100011101100011010100 u= 0.5884772980452646
20 1101101001111100101001 u= 0.12696922162654534 < 0.25 participa 

------------------------------------------------------------------------
Recombinari 
Recombinare dintre cromozomul 5 cu cromozomul 14 : 
0011000101111001101010 1010010010001001000000 punct de rupere 7
Rezultat  0011000101111001101010 1010010010001001000000
Recombinare dintre cromozomul 13 cu cromozomul 1 : 
1011110000100110001100 1011110000100110001100 punct de rupere 6
Rezultat  1011110000100110001100 1011110000100110001100

------------------------------------------------------------------------
Dupa recombinare
1 : 1011110000100110001100 x= 1.204874 f= 1.753152644124
2 : 1010010101111001101010 x= 0.939163 f= 2.057135859431
3 : 0100100101111001010111 x= -0.138976 f= 1.841709671424
4 : 0111110110110111011010 x= 0.47324 f= 2.2492839024
5 : 0011000101111001101010 x= -0.420212 f= 1.403209875056
6 : 1101111011001001011011 x= 1.610783 f= 1.0161611269109998
7 : 1010010101111001101010 x= 0.939163 f= 2.057135859431
8 : 0111110110110111011010 x= 0.47324 f= 2.2492839024
9 : 1110001110000101001001 x= 1.666252 f= 0.889856272496
10 : 0111110110110111011010 x= 0.47324 f= 2.2492839024
11 : 1000110110010011000000 x= 0.659073 f= 2.224695780671
12 : 0101000110001011110111 x= -0.044379 f= 1.953651504359
13 : 1011110000100110001100 x= 1.204874 f= 1.753152644124
14 : 1010010010001001000000 x= 0.928147 f= 2.066690146391
15 : 0100100101111001010111 x= -0.138976 f= 1.841709671424
16 : 1010100001001101000100 x= 0.972278 f= 2.026953490716
17 : 1010100001001101000100 x= 0.972278 f= 2.026953490716
18 : 0111110110110111011010 x= 0.47324 f= 2.2492839024
19 : 1100011101100011010100 x= 1.336578 f= 1.550137249916
20 : 1101101001111100101001 x= 1.560394 f= 1.1255645647639998

------------------------------------------------------------------------
Probabilitate de mutatie pentru fiecare gena 0.01
Au fost modificati cromozomii: 
6
Dupa mutatie: 
1 : 1011110000100110001100 x= 1.204874 f= 1.753152644124
2 : 1010010101111001101010 x= 0.939163 f= 2.057135859431
3 : 0100100101111001010111 x= -0.138976 f= 1.841709671424
4 : 0111110110110111011010 x= 0.47324 f= 2.2492839024
5 : 0011000101111001101010 x= -0.420212 f= 1.403209875056
6 : 1100111011001001011011 x= 1.423283 f= 1.3975485019109999
7 : 1010010101111001101010 x= 0.939163 f= 2.057135859431
8 : 0111110110110111011010 x= 0.47324 f= 2.2492839024
9 : 1110001110000101001001 x= 1.666252 f= 0.889856272496
10 : 0111110110110111011010 x= 0.47324 f= 2.2492839024
11 : 1000110110010011000000 x= 0.659073 f= 2.224695780671
12 : 1101000110001011110111 x= 1.455622 f= 1.336786593116
13 : 1011110000100110001100 x= 1.204874 f= 1.753152644124
14 : 1010011010001001000000 x= 0.951584 f= 2.046071890944
15 : 0101100101111001010111 x= 0.048524 f= 2.046169421424
16 : 1010100001001101000100 x= 0.972278 f= 2.026953490716
17 : 1010100001001101000100 x= 0.972278 f= 2.026953490716
18 : 0111110110110111011010 x= 0.47324 f= 2.2492839024
19 : 1100011101100011010100 x= 1.336578 f= 1.550137249916
20 : 1101101001111100101001 x= 1.560394 f= 1.1255645647639998

------------------------------------------------------------------------
Evolutia maximului 
Valoarea maxima: 2.2492839024
Valoarea medie a performantei: 0.11246419512000001
------------------------------------------------------------------------
Valoarea maxima: 2.2492839024
Valoarea medie a performantei: 0.11246419512000001
------------------------------------------------------------------------
Valoarea maxima: 2.2492839024
Valoarea medie a performantei: 0.11246419512000001
------------------------------------------------------------------------
Valoarea maxima: 2.2492839024
Valoarea medie a performantei: 0.11246419512000001
------------------------------------------------------------------------
Valoarea maxima: 2.226525470204
Valoarea medie a performantei: 0.1113262735102
------------------------------------------------------------------------
Valoarea maxima: 2.2492839024
Valoarea medie a performantei: 0.11246419512000001
------------------------------------------------------------------------
Valoarea maxima: 2.2492839024
Valoarea medie a performantei: 0.11246419512000001
------------------------------------------------------------------------
Valoarea maxima: 2.2492839024
Valoarea medie a performantei: 0.11246419512000001
------------------------------------------------------------------------
Valoarea maxima: 2.2492839024
Valoarea medie a performantei: 0.11246419512000001
------------------------------------------------------------------------
Valoarea maxima: 2.2492839024
Valoarea medie a performantei: 0.11246419512000001
------------------------------------------------------------------------
Valoarea maxima: 2.2492839024
Valoarea medie a performantei: 0.11246419512000001
------------------------------------------------------------------------
Valoarea maxima: 2.026953490716
Valoarea medie a performantei: 0.1013476745358
------------------------------------------------------------------------
Valoarea maxima: 2.2492839024
Valoarea medie a performantei: 0.11246419512000001
------------------------------------------------------------------------
Valoarea maxima: 2.2492839024
Valoarea medie a performantei: 0.11246419512000001
------------------------------------------------------------------------
Valoarea maxima: 2.2492839024
Valoarea medie a performantei: 0.11246419512000001
------------------------------------------------------------------------
Valoarea maxima: 2.2253855279
Valoarea medie a performantei: 0.11126927639499999
------------------------------------------------------------------------
Valoarea maxima: 2.2492839024
Valoarea medie a performantei: 0.11246419512000001
------------------------------------------------------------------------
Valoarea maxima: 2.2492839024
Valoarea medie a performantei: 0.11246419512000001
------------------------------------------------------------------------
Valoarea maxima: 2.2492839024
Valoarea medie a performantei: 0.11246419512000001
------------------------------------------------------------------------
Valoarea maxima: 2.224695780671
Valoarea medie a performantei: 0.11123478903355
------------------------------------------------------------------------
Valoarea maxima: 2.2492839024
Valoarea medie a performantei: 0.11246419512000001
------------------------------------------------------------------------
Valoarea maxima: 2.224715183856
Valoarea medie a performantei: 0.1112357591928
------------------------------------------------------------------------
Valoarea maxima: 2.2492839024
Valoarea medie a performantei: 0.11246419512000001
------------------------------------------------------------------------
Valoarea maxima: 2.224695780671
Valoarea medie a performantei: 0.11123478903355
------------------------------------------------------------------------
Valoarea maxima: 2.2492839024
Valoarea medie a performantei: 0.11246419512000001
------------------------------------------------------------------------
Valoarea maxima: 2.224695780671
Valoarea medie a performantei: 0.11123478903355
------------------------------------------------------------------------
Valoarea maxima: 2.245883109431
Valoarea medie a performantei: 0.11229415547155
------------------------------------------------------------------------
Valoarea maxima: 2.249288657759
Valoarea medie a performantei: 0.11246443288795001
------------------------------------------------------------------------
Valoarea maxima: 2.2492839024
Valoarea medie a performantei: 0.11246419512000001
------------------------------------------------------------------------
Valoarea maxima: 2.2492839024
Valoarea medie a performantei: 0.11246419512000001
------------------------------------------------------------------------
Valoarea maxima: 2.2492839024
Valoarea medie a performantei: 0.11246419512000001
------------------------------------------------------------------------
Valoarea maxima: 2.2492839024
Valoarea medie a performantei: 0.11246419512000001
------------------------------------------------------------------------
Valoarea maxima: 2.2492839024
Valoarea medie a performantei: 0.11246419512000001
------------------------------------------------------------------------
Valoarea maxima: 2.2492839024
Valoarea medie a performantei: 0.11246419512000001
------------------------------------------------------------------------
Valoarea maxima: 2.244577886775
Valoarea medie a performantei: 0.11222889433875001
------------------------------------------------------------------------
Valoarea maxima: 2.2492839024
Valoarea medie a performantei: 0.11246419512000001
------------------------------------------------------------------------
Valoarea maxima: 2.2492839024
Valoarea medie a performantei: 0.11246419512000001
------------------------------------------------------------------------
Valoarea maxima: 2.2492839024
Valoarea medie a performantei: 0.11246419512000001
------------------------------------------------------------------------
Valoarea maxima: 2.2492839024
Valoarea medie a performantei: 0.11246419512000001
------------------------------------------------------------------------
Valoarea maxima: 2.2492839024
Valoarea medie a performantei: 0.11246419512000001
------------------------------------------------------------------------
Valoarea maxima: 2.057135859431
Valoarea medie a performantei: 0.10285679297155
------------------------------------------------------------------------
Valoarea maxima: 2.2492839024
Valoarea medie a performantei: 0.11246419512000001
------------------------------------------------------------------------
Valoarea maxima: 2.2492839024
Valoarea medie a performantei: 0.11246419512000001
------------------------------------------------------------------------
Valoarea maxima: 2.2492839024
Valoarea medie a performantei: 0.11246419512000001
------------------------------------------------------------------------
Valoarea maxima: 2.2492839024
Valoarea medie a performantei: 0.11246419512000001
------------------------------------------------------------------------
Valoarea maxima: 2.2492839024
Valoarea medie a performantei: 0.11246419512000001
------------------------------------------------------------------------
Valoarea maxima: 2.2492839024
Valoarea medie a performantei: 0.11246419512000001
------------------------------------------------------------------------
Valoarea maxima: 2.2492839024
Valoarea medie a performantei: 0.11246419512000001
------------------------------------------------------------------------
Valoarea maxima: 2.2492839024
Valoarea medie a performantei: 0.11246419512000001
------------------------------------------------------------------------
Valoarea maxima: 2.2492839024
Valoarea medie a performantei: 0.11246419512000001
------------------------------------------------------------------------
